<?xml version="1.0" encoding="UTF-8"?>
<testng-results ignored="0" total="3" passed="3" failed="0" skipped="0">
  <reporter-output>
  </reporter-output>
  <suite started-at="2020-04-08T23:22:07 GMT-04:00" name="Suite" finished-at="2020-04-08T23:22:08 GMT-04:00" duration-ms="1203">
    <groups>
    </groups>
    <test started-at="2020-04-08T23:22:07 GMT-04:00" name="Test" finished-at="2020-04-08T23:22:08 GMT-04:00" duration-ms="1203">
      <class name="Maven.SELENIUMTest">
        <test-method signature="selenium1()[pri:0, instance:Maven.SELENIUMTest@18f8cd79]" started-at="2020-04-08T23:22:08 GMT-04:00" name="selenium1" finished-at="2020-04-08T23:22:08 GMT-04:00" duration-ms="25" status="PASS">
          <reporter-output>
          </reporter-output>
        </test-method> <!-- selenium1 -->
      </class> <!-- Maven.SELENIUMTest -->
      <class name="Maven.RESTTest">
        <test-method signature="Rest1()[pri:0, instance:Maven.RESTTest@64b0598]" started-at="2020-04-08T23:22:08 GMT-04:00" name="Rest1" finished-at="2020-04-08T23:22:08 GMT-04:00" duration-ms="202" status="PASS">
          <reporter-output>
          </reporter-output>
        </test-method> <!-- Rest1 -->
      </class> <!-- Maven.RESTTest -->
      <class name="Maven.APPIUMTest">
        <test-method signature="appium1()[pri:0, instance:Maven.APPIUMTest@3e2055d6]" started-at="2020-04-08T23:22:08 GMT-04:00" name="appium1" finished-at="2020-04-08T23:22:08 GMT-04:00" duration-ms="9" status="PASS">
          <reporter-output>
          </reporter-output>
        </test-method> <!-- appium1 -->
      </class> <!-- Maven.APPIUMTest -->
    </test> <!-- Test -->
  </suite> <!-- Suite -->
</testng-results>
